<?xml version="1.0" encoding="UTF-8"?>
<!-- Generated by org.testng.reporters.JUnitXMLReporter -->
<testsuite ignored="0" hostname="Testriq-20s-MacBook-Pro.local" failures="0" tests="3" name="Test" time="109.746" errors="0" timestamp="2025-05-04T14:22:44 IST">
  <testcase classname="project_ecubix.Test_CustomerToBusinessGeoMapping" name="test_CustormerCreationAndUserCreation" time="26.846"/>
  <testcase classname="project_ecubix.Test_CustormerCreationAndUserCreation" name="test_CustormerCreationAndUserCreation" time="70.524"/>
  <testcase classname="project_ecubix.Test_ArticleCreation" name="test_ArticleCreation" time="83.918"/>
</testsuite> <!-- Test -->
