<?xml version="1.0" encoding="UTF-8"?>
<!-- Generated by org.testng.reporters.JUnitXMLReporter -->
<testsuite ignored="0" hostname="Testriq-20s-MacBook-Pro.local" failures="0" tests="2" name="Test" time="13.886" errors="0" timestamp="2025-05-04T17:10:22 IST">
  <testcase classname="project_ecubix.Test_CustomerToBusinessGeoMapping" name="test" time="0.001"/>
  <testcase classname="project_ecubix.Test_CustomerToBusinessGeoMapping" name="test_CustormerCreationAndUserCreation" time="9.208"/>
</testsuite> <!-- Test -->
